Сборка начата 24.09.2023 21:45:45.
Уровень детализации журнала: Normal.     1>Проект "C:\Users\Sanochek\Desktop\ConsoleApplication13\ConsoleApplication13.vcxproj" в узле 2 (целевые объекты Build).
     1>InitializeBuildStatus:
         Создание "x64\Debug\ConsoleA.d458cf3c.tlog\unsuccessfulbuild", так как было задано "AlwaysCreate".
         Обращение к "x64\Debug\ConsoleA.d458cf3c.tlog\unsuccessfulbuild".
       ClCompile:
         C:\Program Files\Microsoft Visual Studio\2022\Preview\VC\Tools\MSVC\14.37.32705\bin\HostX64\x64\CL.exe /c /ZI /JMC /nologo /W3 /WX- /diagnostics:column /sdl /Od /D _DEBUG /D _CONSOLE /D _UNICODE /D UNICODE /Gm- /EHsc /RTC1 /MDd /GS /fp:precise /Zc:wchar_t /Zc:forScope /Zc:inline /permissive- /Fo"x64\Debug\\" /Fd"x64\Debug\vc143.pdb" /external:W3 /Gd /TP /FC /errorReport:prompt ConsoleApplication13.cpp
         ConsoleApplication13.cpp
     1>C:\Users\Sanochek\Desktop\ConsoleApplication13\ConsoleApplication13.cpp(121,15): warning C4244: аргумент: преобразование "time_t" в "unsigned int", возможна потеря данных
       Link:
         C:\Program Files\Microsoft Visual Studio\2022\Preview\VC\Tools\MSVC\14.37.32705\bin\HostX64\x64\link.exe /ERRORREPORT:PROMPT /OUT:"C:\Users\Sanochek\Desktop\ConsoleApplication13\x64\Debug\ConsoleApplication13.exe" /INCREMENTAL /ILK:"x64\Debug\ConsoleApplication13.ilk" /NOLOGO kernel32.lib user32.lib gdi32.lib winspool.lib comdlg32.lib advapi32.lib shell32.lib ole32.lib oleaut32.lib uuid.lib odbc32.lib odbccp32.lib /MANIFEST /MANIFESTUAC:"level='asInvoker' uiAccess='false'" /manifest:embed /DEBUG /PDB:"C:\Users\Sanochek\Desktop\ConsoleApplication13\x64\Debug\ConsoleApplication13.pdb" /SUBSYSTEM:CONSOLE /TLBID:1 /DYNAMICBASE /NXCOMPAT /IMPLIB:"C:\Users\Sanochek\Desktop\ConsoleApplication13\x64\Debug\ConsoleApplication13.lib" /MACHINE:X64 x64\Debug\ConsoleApplication13.obj
         ConsoleApplication13.vcxproj -> C:\Users\Sanochek\Desktop\ConsoleApplication13\x64\Debug\ConsoleApplication13.exe
       FinalizeBuildStatus:
         Файл "x64\Debug\ConsoleA.d458cf3c.tlog\unsuccessfulbuild" удаляется.
         Обращение к "x64\Debug\ConsoleA.d458cf3c.tlog\ConsoleApplication13.lastbuildstate".
     1>Сборка проекта "C:\Users\Sanochek\Desktop\ConsoleApplication13\ConsoleApplication13.vcxproj" завершена (целевые объекты Build).

Сборка успешно завершена.

       "C:\Users\Sanochek\Desktop\ConsoleApplication13\ConsoleApplication13.vcxproj" (целевой объект Build ) (1) ->
       (Целевой объект ClCompile) -> 
         C:\Users\Sanochek\Desktop\ConsoleApplication13\ConsoleApplication13.cpp(121,15): warning C4244: аргумент: преобразование "time_t" в "unsigned int", возможна потеря данных

    Предупреждений: 1
    Ошибок: 0

Прошло времени 00:00:00.70
